Found file /home/its/ciframi.dec of size: 16
Found file /home/its/ciframi.enc of size: 16
Found file /home/its/.bash_logout of size: 220
Found file /home/its/.xorgxrdp.10.log.old of size: 17306
Found file /home/its/.lesshst of size: 20
Found file /home/its/.xorgxrdp.10.log of size: 17035
Found file /home/its/FAprivkey.pem of size: 1704
Found file /home/its/protonvpn-stable-release_1.0.8_all.deb.1 of size: 4852
Found file /home/its/.bash_history of size: 29666
Found file /home/its/.packettracer of size: 50
Found file /home/its/FApubkey.pem of size: 1704
Found file /home/its/.bashrc of size: 3771
Found file /home/its/.gitconfig of size: 64
Found file /home/its/.sudo_as_admin_successful of size: 0
Found file /home/its/.python_history of size: 234
Found file /home/its/ciframi.txt of size: 16
Found file /home/its/protonvpn-stable-release_1.0.8_all.deb of size: 4852
Found file /home/its/.xsession-errors of size: 174464
Found file /home/its/.profile of size: 807
Found file /home/its/.Xauthority of size: 65
Found file /home/its/.gnupg/pubring.kbx of size: 32
Found file /home/its/.gnupg/trustdb.gpg of size: 1200
Found file /home/its/.thunderbird/installs.ini of size: 62
Found file /home/its/.thunderbird/profiles.ini of size: 259
Found file /home/its/.thunderbird/Crash Reports/InstallTime20250627203320 of size: 10
Found file /home/its/.thunderbird/aosa3xpp.default/times.json of size: 47
Found file /home/its/.thunderbird/sl8s37eo.default-release/favicons.sqlite of size: 5242880
Found file /home/its/.thunderbird/sl8s37eo.default-release/.parentlock of size: 0
Found file /home/its/.thunderbird/sl8s37eo.default-release/openpgp.sqlite of size: 229376
